<?xml version="1.0" encoding="UTF-8"?>
<testng-results skipped="0" failed="0" ignored="0" total="1" passed="1">
  <reporter-output>
  </reporter-output>
  <suite name="Default suite" duration-ms="19938" started-at="2020-05-31T15:57:44 IST" finished-at="2020-05-31T15:58:04 IST">
    <groups>
    </groups>
    <test name="Default test" duration-ms="19938" started-at="2020-05-31T15:57:44 IST" finished-at="2020-05-31T15:58:04 IST">
      <class name="apachepoicode.apachepoicode.WebTableHandle">
        <test-method status="PASS" signature="webtableexample()[pri:0, instance:apachepoicode.apachepoicode.WebTableHandle@10bbd20a]" name="webtableexample" duration-ms="19813" started-at="2020-05-31T15:57:44 IST" finished-at="2020-05-31T15:58:04 IST">
          <reporter-output>
          </reporter-output>
        </test-method> <!-- webtableexample -->
      </class> <!-- apachepoicode.apachepoicode.WebTableHandle -->
    </test> <!-- Default test -->
  </suite> <!-- Default suite -->
</testng-results>
